<?xml version="1.0" encoding="UTF-8"?>
<!-- Generated by org.testng.reporters.JUnitReportReporter -->
<testsuite hostname="EPUAKHAW0083" name="tests.SelectionByFunctionTest" tests="1" failures="0" timestamp="5 Jun 2015 07:13:33 GMT" time="0.001" errors="0">
  <testcase name="testSelectionByFunction" time="0.001" classname="tests.SelectionByFunctionTest"/>
</testsuite> <!-- tests.SelectionByFunctionTest -->
